# JRE version: Java(TM) SE Runtime Environment (8.0_152-b16) (build 1.8.0_152-b16)
# Java VM: Java HotSpot(TM) 64-Bit Server VM (25.152-b16 mixed mode windows-amd64 compressed oops)
Heap:
 PSYoungGen      total 199680K, used 146945K [0x00000000d6d00000, 0x00000000e8100000, 0x0000000100000000)
  eden space 184832K, 73% used [0x00000000d6d00000,0x00000000df1540a8,0x00000000e2180000)
  from space 14848K, 77% used [0x00000000e2180000,0x00000000e2cac580,0x00000000e3000000)
  to   space 14848K, 0% used [0x00000000e7280000,0x00000000e7280000,0x00000000e8100000)
 ParOldGen       total 80384K, used 20605K [0x0000000084600000, 0x0000000089480000, 0x00000000d6d00000)
  object space 80384K, 25% used [0x0000000084600000,0x0000000085a1f770,0x0000000089480000)
 Metaspace       used 45943K, capacity 47984K, committed 48256K, reserved 1091584K
  class space    used 6117K, capacity 6512K, committed 6528K, reserved 1048576K
GC Heap History (10 events):
Event: 9.256 GC heap before
{Heap before GC invocations=7 (full 1):
 PSYoungGen      total 68608K, used 68592K [0x00000000d6d00000, 0x00000000dea00000, 0x0000000100000000)
  eden space 63488K, 100% used [0x00000000d6d00000,0x00000000dab00000,0x00000000dab00000)
  from space 5120K, 99% used [0x00000000dab00000,0x00000000daffc2e0,0x00000000db000000)
  to   space 8704K, 0% used [0x00000000de180000,0x00000000de180000,0x00000000dea00000)
 ParOldGen       total 49152K, used 8060K [0x0000000084600000, 0x0000000087600000, 0x00000000d6d00000)
  object space 49152K, 16% used [0x0000000084600000,0x0000000084ddf3e0,0x0000000087600000)
 Metaspace       used 27397K, capacity 28436K, committed 28544K, reserved 1073152K
  class space    used 3638K, capacity 3872K, committed 3968K, reserved 1048576K
Event: 9.264 GC heap after
Heap after GC invocations=7 (full 1):
 PSYoungGen      total 117760K, used 8350K [0x00000000d6d00000, 0x00000000dea00000, 0x0000000100000000)
  eden space 109056K, 0% used [0x00000000d6d00000,0x00000000d6d00000,0x00000000dd780000)
  from space 8704K, 95% used [0x00000000de180000,0x00000000de9a7a38,0x00000000dea00000)
  to   space 9216K, 0% used [0x00000000dd800000,0x00000000dd800000,0x00000000de100000)
 ParOldGen       total 49152K, used 8068K [0x0000000084600000, 0x0000000087600000, 0x00000000d6d00000)
  object space 49152K, 16% used [0x0000000084600000,0x0000000084de13e0,0x0000000087600000)
 Metaspace       used 27397K, capacity 28436K, committed 28544K, reserved 1073152K
  class space    used 3638K, capacity 3872K, committed 3968K, reserved 1048576K
}
Event: 11.077 GC heap before
{Heap before GC invocations=8 (full 1):
 PSYoungGen      total 117760K, used 117406K [0x00000000d6d00000, 0x00000000dea00000, 0x0000000100000000)
  eden space 109056K, 100% used [0x00000000d6d00000,0x00000000dd780000,0x00000000dd780000)
  from space 8704K, 95% used [0x00000000de180000,0x00000000de9a7a38,0x00000000dea00000)
  to   space 9216K, 0% used [0x00000000dd800000,0x00000000dd800000,0x00000000de100000)
 ParOldGen       total 49152K, used 8068K [0x0000000084600000, 0x0000000087600000, 0x00000000d6d00000)
  object space 49152K, 16% used [0x0000000084600000,0x0000000084de13e0,0x0000000087600000)
 Metaspace       used 32579K, capacity 33990K, committed 34176K, reserved 1079296K
  class space    used 4351K, capacity 4621K, committed 4736K, reserved 1048576K
Event: 11.092 GC heap after
Heap after GC invocations=8 (full 1):
 PSYoungGen      total 118784K, used 9196K [0x00000000d6d00000, 0x00000000e3d80000, 0x0000000100000000)
  eden space 109568K, 0% used [0x00000000d6d00000,0x00000000d6d00000,0x00000000dd800000)
  from space 9216K, 99% used [0x00000000dd800000,0x00000000de0fb310,0x00000000de100000)
  to   space 13824K, 0% used [0x00000000e3000000,0x00000000e3000000,0x00000000e3d80000)
 ParOldGen       total 49152K, used 15267K [0x0000000084600000, 0x0000000087600000, 0x00000000d6d00000)
  object space 49152K, 31% used [0x0000000084600000,0x00000000854e8dd8,0x0000000087600000)
 Metaspace       used 32579K, capacity 33990K, committed 34176K, reserved 1079296K
  class space    used 4351K, capacity 4621K, committed 4736K, reserved 1048576K
}
Event: 11.576 GC heap before
{Heap before GC invocations=9 (full 1):
 PSYoungGen      total 118784K, used 35099K [0x00000000d6d00000, 0x00000000e3d80000, 0x0000000100000000)
  eden space 109568K, 23% used [0x00000000d6d00000,0x00000000d864b960,0x00000000dd800000)
  from space 9216K, 99% used [0x00000000dd800000,0x00000000de0fb310,0x00000000de100000)
  to   space 13824K, 0% used [0x00000000e3000000,0x00000000e3000000,0x00000000e3d80000)
 ParOldGen       total 49152K, used 15267K [0x0000000084600000, 0x0000000087600000, 0x00000000d6d00000)
  object space 49152K, 31% used [0x0000000084600000,0x00000000854e8dd8,0x0000000087600000)
 Metaspace       used 33991K, capacity 35422K, committed 35496K, reserved 1079296K
  class space    used 4513K, capacity 4841K, committed 4864K, reserved 1048576K
Event: 11.596 GC heap after
Heap after GC invocations=9 (full 1):
 PSYoungGen      total 198656K, used 11734K [0x00000000d6d00000, 0x00000000e4a80000, 0x0000000100000000)
  eden space 184832K, 0% used [0x00000000d6d00000,0x00000000d6d00000,0x00000000e2180000)
  from space 13824K, 84% used [0x00000000e3000000,0x00000000e3b75938,0x00000000e3d80000)
  to   space 14848K, 0% used [0x00000000e2180000,0x00000000e2180000,0x00000000e3000000)
 ParOldGen       total 49152K, used 15275K [0x0000000084600000, 0x0000000087600000, 0x00000000d6d00000)
  object space 49152K, 31% used [0x0000000084600000,0x00000000854eadd8,0x0000000087600000)
 Metaspace       used 33991K, capacity 35422K, committed 35496K, reserved 1079296K
  class space    used 4513K, capacity 4841K, committed 4864K, reserved 1048576K
}
Event: 11.596 GC heap before
{Heap before GC invocations=10 (full 2):
 PSYoungGen      total 198656K, used 11734K [0x00000000d6d00000, 0x00000000e4a80000, 0x0000000100000000)
  eden space 184832K, 0% used [0x00000000d6d00000,0x00000000d6d00000,0x00000000e2180000)
  from space 13824K, 84% used [0x00000000e3000000,0x00000000e3b75938,0x00000000e3d80000)
  to   space 14848K, 0% used [0x00000000e2180000,0x00000000e2180000,0x00000000e3000000)
 ParOldGen       total 49152K, used 15275K [0x0000000084600000, 0x0000000087600000, 0x00000000d6d00000)
  object space 49152K, 31% used [0x0000000084600000,0x00000000854eadd8,0x0000000087600000)
 Metaspace       used 33991K, capacity 35422K, committed 35496K, reserved 1079296K
  class space    used 4513K, capacity 4841K, committed 4864K, reserved 1048576K
Event: 11.673 GC heap after
Heap after GC invocations=10 (full 2):
 PSYoungGen      total 198656K, used 0K [0x00000000d6d00000, 0x00000000e4a80000, 0x0000000100000000)
  eden space 184832K, 0% used [0x00000000d6d00000,0x00000000d6d00000,0x00000000e2180000)
  from space 13824K, 0% used [0x00000000e3000000,0x00000000e3000000,0x00000000e3d80000)
  to   space 14848K, 0% used [0x00000000e2180000,0x00000000e2180000,0x00000000e3000000)
 ParOldGen       total 80384K, used 20597K [0x0000000084600000, 0x0000000089480000, 0x00000000d6d00000)
  object space 80384K, 25% used [0x0000000084600000,0x0000000085a1d770,0x0000000089480000)
 Metaspace       used 33991K, capacity 35422K, committed 35496K, reserved 1079296K
  class space    used 4513K, capacity 4841K, committed 4864K, reserved 1048576K
}
Event: 15.073 GC heap before
{Heap before GC invocations=11 (full 2):
 PSYoungGen      total 198656K, used 184832K [0x00000000d6d00000, 0x00000000e4a80000, 0x0000000100000000)
  eden space 184832K, 100% used [0x00000000d6d00000,0x00000000e2180000,0x00000000e2180000)
  from space 13824K, 0% used [0x00000000e3000000,0x00000000e3000000,0x00000000e3d80000)
  to   space 14848K, 0% used [0x00000000e2180000,0x00000000e2180000,0x00000000e3000000)
 ParOldGen       total 80384K, used 20597K [0x0000000084600000, 0x0000000089480000, 0x00000000d6d00000)
  object space 80384K, 25% used [0x0000000084600000,0x0000000085a1d770,0x0000000089480000)
 Metaspace       used 40589K, capacity 42286K, committed 42368K, reserved 1085440K
  class space    used 5352K, capacity 5705K, committed 5760K, reserved 1048576K
Event: 15.106 GC heap after
Heap after GC invocations=11 (full 2):
 PSYoungGen      total 199680K, used 11441K [0x00000000d6d00000, 0x00000000e8100000, 0x0000000100000000)
  eden space 184832K, 0% used [0x00000000d6d00000,0x00000000d6d00000,0x00000000e2180000)
  from space 14848K, 77% used [0x00000000e2180000,0x00000000e2cac580,0x00000000e3000000)
  to   space 14848K, 0% used [0x00000000e7280000,0x00000000e7280000,0x00000000e8100000)
 ParOldGen       total 80384K, used 20605K [0x0000000084600000, 0x0000000089480000, 0x00000000d6d00000)
  object space 80384K, 25% used [0x0000000084600000,0x0000000085a1f770,0x0000000089480000)
 Metaspace       used 40589K, capacity 42286K, committed 42368K, reserved 1085440K
  class space    used 5352K, capacity 5705K, committed 5760K, reserved 1048576K
}

